<?xml version="1.0" encoding="UTF-8"?>
<!-- Generated by org.testng.reporters.JUnitXMLReporter -->
<testsuite hostname="INDHYDEWS014" ignored="0" name="Home page Test" tests="1" failures="1" timestamp="22 Feb 2019 10:07:01 GMT" time="12.323" errors="0">
  <testcase name="homePage" time="11.908" classname="com.automation.testcases.MinervaHomePage">
    <failure type="java.lang.AssertionError" message="Failed">
      <![CDATA[java.lang.AssertionError: Failed
at com.automation.testcases.MinervaHomePage.homePage(MinervaHomePage.java:71)
... Removed 29 stack frames]]>
    </failure>
  </testcase> <!-- homePage -->
</testsuite> <!-- Home page Test -->
