-------------------------------------------------------------------------------
Test set: TestSuite
-------------------------------------------------------------------------------
Tests run: 4, Failures: 1, Errors: 0, Skipped: 0, Time elapsed: 30.352 sec <<< FAILURE! - in TestSuite
homePage(com.automation.testcases.MinervaHomePage)  Time elapsed: 11.914 sec  <<< FAILURE!
java.lang.AssertionError: Failed
	at org.testng.Assert.fail(Assert.java:96)
	at com.automation.testcases.MinervaHomePage.homePage(MinervaHomePage.java:71)

