<?xml version="1.0" encoding="UTF-8"?>
<testng-results skipped="0" failed="1" ignored="0" total="4" passed="3">
  <reporter-output>
    <line>
      <![CDATA[Login successful...!!!]]>
    </line>
    <line>
      <![CDATA[Invalid username]]>
    </line>
    <line>
      <![CDATA[Invalid username]]>
    </line>
    <line>
      <![CDATA[Username can not be blank]]>
    </line>
    <line>
      <![CDATA[Invalid username]]>
    </line>
    <line>
      <![CDATA[Capturing Screenshot]]>
    </line>
    <line>
      <![CDATA[<a target="_blank" href=C:\Users\ruchitat\Desktop\Ruchita\Eclipse Workspace\TestProject\target\surefire-reports\html\error.jpg>Screenshot</a>]]>
    </line>
    <line>
      <![CDATA[<br>]]>
    </line>
    <line>
      <![CDATA[<a target="_blank" href=C:\Users\ruchitat\Desktop\Ruchita\Eclipse Workspace\TestProject\target\surefire-reports\html\error.jpg><img src=C:\Users\ruchitat\Desktop\Ruchita\Eclipse Workspace\TestProject\target\surefire-reports\html\error.jpg height=200 width=200></img></a>]]>
    </line>
  </reporter-output>
  <suite name="Data driven basics" duration-ms="21570" started-at="2019-02-22T10:06:41Z" finished-at="2019-02-22T10:07:03Z">
    <groups>
    </groups>
    <test name="Login Test" duration-ms="5147" started-at="2019-02-22T10:06:41Z" finished-at="2019-02-22T10:06:46Z">
      <class name="com.automation.testcases.MinervaLoginPage">
        <test-method status="PASS" signature="preRequist()[pri:0, instance:com.automation.testcases.MinervaLoginPage@64bf3bbf]" name="preRequist" is-config="true" duration-ms="106" started-at="2019-02-22T10:06:41Z" finished-at="2019-02-22T10:06:41Z">
          <reporter-output>
          </reporter-output>
        </test-method> <!-- preRequist -->
        <test-method status="PASS" signature="loginPage()[pri:0, instance:com.automation.testcases.MinervaLoginPage@64bf3bbf]" name="loginPage" duration-ms="5026" started-at="2019-02-22T10:06:41Z" finished-at="2019-02-22T10:06:46Z">
          <reporter-output>
            <line>
              <![CDATA[Login successful...!!!]]>
            </line>
          </reporter-output>
        </test-method> <!-- loginPage -->
      </class> <!-- com.automation.testcases.MinervaLoginPage -->
    </test> <!-- Login Test -->
    <test name="Reset password Test" duration-ms="1928" started-at="2019-02-22T10:06:46Z" finished-at="2019-02-22T10:06:48Z">
      <class name="com.automation.testcases.ResetPasswordPage">
        <test-method status="PASS" signature="preRequist()[pri:0, instance:com.automation.testcases.ResetPasswordPage@13a5fe33]" name="preRequist" is-config="true" duration-ms="101" started-at="2019-02-22T10:06:46Z" finished-at="2019-02-22T10:06:46Z">
          <reporter-output>
          </reporter-output>
        </test-method> <!-- preRequist -->
        <test-method status="PASS" signature="resetPassword()[pri:0, instance:com.automation.testcases.ResetPasswordPage@13a5fe33]" name="resetPassword" duration-ms="1826" started-at="2019-02-22T10:06:46Z" finished-at="2019-02-22T10:06:48Z">
          <reporter-output>
            <line>
              <![CDATA[Invalid username]]>
            </line>
            <line>
              <![CDATA[Invalid username]]>
            </line>
            <line>
              <![CDATA[Username can not be blank]]>
            </line>
            <line>
              <![CDATA[Invalid username]]>
            </line>
          </reporter-output>
        </test-method> <!-- resetPassword -->
      </class> <!-- com.automation.testcases.ResetPasswordPage -->
    </test> <!-- Reset password Test -->
    <test name="Home page Test" duration-ms="12323" started-at="2019-02-22T10:06:48Z" finished-at="2019-02-22T10:07:01Z">
      <class name="com.automation.testcases.MinervaHomePage">
        <test-method status="PASS" signature="preRequist()[pri:0, instance:com.automation.testcases.MinervaHomePage@520a3426]" name="preRequist" is-config="true" duration-ms="98" started-at="2019-02-22T10:06:48Z" finished-at="2019-02-22T10:06:48Z">
          <reporter-output>
          </reporter-output>
        </test-method> <!-- preRequist -->
        <test-method status="FAIL" signature="homePage()[pri:0, instance:com.automation.testcases.MinervaHomePage@520a3426]" name="homePage" duration-ms="11908" started-at="2019-02-22T10:06:48Z" finished-at="2019-02-22T10:07:00Z">
          <exception class="java.lang.AssertionError">
            <message>
              <![CDATA[Failed]]>
            </message>
            <full-stacktrace>
              <![CDATA[java.lang.AssertionError: Failed
at org.testng.Assert.fail(Assert.java:96)
at com.automation.testcases.MinervaHomePage.homePage(MinervaHomePage.java:71)
at sun.reflect.NativeMethodAccessorImpl.invoke0(Native Method)
at sun.reflect.NativeMethodAccessorImpl.invoke(Unknown Source)
at sun.reflect.DelegatingMethodAccessorImpl.invoke(Unknown Source)
at java.lang.reflect.Method.invoke(Unknown Source)
at org.testng.internal.MethodInvocationHelper.invokeMethod(MethodInvocationHelper.java:124)
at org.testng.internal.Invoker.invokeMethod(Invoker.java:583)
at org.testng.internal.Invoker.invokeTestMethod(Invoker.java:719)
at org.testng.internal.Invoker.invokeTestMethods(Invoker.java:989)
at org.testng.internal.TestMethodWorker.invokeTestMethods(TestMethodWorker.java:125)
at org.testng.internal.TestMethodWorker.run(TestMethodWorker.java:109)
at org.testng.TestRunner.privateRun(TestRunner.java:648)
at org.testng.TestRunner.run(TestRunner.java:505)
at org.testng.SuiteRunner.runTest(SuiteRunner.java:455)
at org.testng.SuiteRunner.runSequentially(SuiteRunner.java:450)
at org.testng.SuiteRunner.privateRun(SuiteRunner.java:415)
at org.testng.SuiteRunner.run(SuiteRunner.java:364)
at org.testng.SuiteRunnerWorker.runSuite(SuiteRunnerWorker.java:52)
at org.testng.SuiteRunnerWorker.run(SuiteRunnerWorker.java:84)
at org.testng.TestNG.runSuitesSequentially(TestNG.java:1208)
at org.testng.TestNG.runSuitesLocally(TestNG.java:1137)
at org.testng.TestNG.runSuites(TestNG.java:1049)
at org.testng.TestNG.run(TestNG.java:1017)
at org.apache.maven.surefire.testng.TestNGExecutor.run(TestNGExecutor.java:295)
at org.apache.maven.surefire.testng.TestNGXmlTestSuite.execute(TestNGXmlTestSuite.java:84)
at org.apache.maven.surefire.testng.TestNGProvider.invoke(TestNGProvider.java:90)
at org.apache.maven.surefire.booter.ForkedBooter.invokeProviderInSameClassLoader(ForkedBooter.java:203)
at org.apache.maven.surefire.booter.ForkedBooter.runSuitesInProcess(ForkedBooter.java:155)
at org.apache.maven.surefire.booter.ForkedBooter.main(ForkedBooter.java:103)
]]>
            </full-stacktrace>
          </exception> <!-- java.lang.AssertionError -->
          <reporter-output>
            <line>
              <![CDATA[Capturing Screenshot]]>
            </line>
            <line>
              <![CDATA[<a target="_blank" href=C:\Users\ruchitat\Desktop\Ruchita\Eclipse Workspace\TestProject\target\surefire-reports\html\error.jpg>Screenshot</a>]]>
            </line>
            <line>
              <![CDATA[<br>]]>
            </line>
            <line>
              <![CDATA[<a target="_blank" href=C:\Users\ruchitat\Desktop\Ruchita\Eclipse Workspace\TestProject\target\surefire-reports\html\error.jpg><img src=C:\Users\ruchitat\Desktop\Ruchita\Eclipse Workspace\TestProject\target\surefire-reports\html\error.jpg height=200 width=200></img></a>]]>
            </line>
          </reporter-output>
        </test-method> <!-- homePage -->
      </class> <!-- com.automation.testcases.MinervaHomePage -->
    </test> <!-- Home page Test -->
    <test name="ReMS page Test" duration-ms="2137" started-at="2019-02-22T10:07:01Z" finished-at="2019-02-22T10:07:03Z">
      <class name="com.automation.testcases.MinervaReMSPage">
        <test-method status="PASS" signature="setUp()[pri:0, instance:com.automation.testcases.MinervaReMSPage@335eadca]" name="setUp" is-config="true" duration-ms="5088" started-at="2019-02-22T10:06:36Z" finished-at="2019-02-22T10:06:41Z">
          <reporter-output>
          </reporter-output>
        </test-method> <!-- setUp -->
        <test-method status="PASS" signature="preRequist()[pri:0, instance:com.automation.testcases.MinervaReMSPage@335eadca]" name="preRequist" is-config="true" duration-ms="92" started-at="2019-02-22T10:07:01Z" finished-at="2019-02-22T10:07:01Z">
          <reporter-output>
          </reporter-output>
        </test-method> <!-- preRequist -->
        <test-method status="PASS" signature="remsPage()[pri:0, instance:com.automation.testcases.MinervaReMSPage@335eadca]" name="remsPage" duration-ms="2045" started-at="2019-02-22T10:07:01Z" finished-at="2019-02-22T10:07:03Z">
          <reporter-output>
          </reporter-output>
        </test-method> <!-- remsPage -->
        <test-method status="PASS" signature="tearDown()[pri:0, instance:com.automation.testcases.MinervaReMSPage@335eadca]" name="tearDown" is-config="true" duration-ms="2879" started-at="2019-02-22T10:07:03Z" finished-at="2019-02-22T10:07:06Z">
          <reporter-output>
          </reporter-output>
        </test-method> <!-- tearDown -->
      </class> <!-- com.automation.testcases.MinervaReMSPage -->
    </test> <!-- ReMS page Test -->
  </suite> <!-- Data driven basics -->
</testng-results>
